<?xml version="1.0" encoding="UTF-8"?>
<testng-results skipped="0" failed="0" total="1" passed="1">
  <reporter-output>
  </reporter-output>
  <suite name="Default suite" duration-ms="29818" started-at="2016-12-20T03:02:01Z" finished-at="2016-12-20T03:02:31Z">
    <groups>
    </groups>
    <test name="Default test" duration-ms="29818" started-at="2016-12-20T03:02:01Z" finished-at="2016-12-20T03:02:31Z">
      <class name="webdriver.methods.MouseHover_Test">
        <test-method status="PASS" signature="AccessSite()[pri:0, instance:webdriver.methods.MouseHover_Test@56f4468b]" name="AccessSite" is-config="true" duration-ms="24308" started-at="2016-12-19T22:02:01Z" finished-at="2016-12-19T22:02:26Z">
          <reporter-output>
          </reporter-output>
        </test-method> <!-- AccessSite -->
        <test-method status="PASS" signature="MenuNavigation()[pri:0, instance:webdriver.methods.MouseHover_Test@56f4468b]" name="MenuNavigation" duration-ms="5456" started-at="2016-12-19T22:02:26Z" finished-at="2016-12-19T22:02:31Z">
          <reporter-output>
          </reporter-output>
        </test-method> <!-- MenuNavigation -->
        <test-method status="PASS" signature="afterClass()[pri:0, instance:webdriver.methods.MouseHover_Test@56f4468b]" name="afterClass" is-config="true" duration-ms="1" started-at="2016-12-19T22:02:31Z" finished-at="2016-12-19T22:02:31Z">
          <reporter-output>
          </reporter-output>
        </test-method> <!-- afterClass -->
      </class> <!-- webdriver.methods.MouseHover_Test -->
    </test> <!-- Default test -->
  </suite> <!-- Default suite -->
</testng-results>
